2018-08-27 04:36:24 Error: [MissingControllerException] Controller class PostsController could not be found.
Exception Attributes: array (
  'class' => 'PostsController',
  'plugin' => NULL,
)
Request URL: /posts/views/3
Stack Trace:
#0 /var/www/cakephp/app/webroot/index.php(117): Dispatcher->dispatch(Object(CakeRequest), Object(CakeResponse))
#1 {main}
2018-08-27 04:37:51 Error: [MissingControllerException] Controller class PostController could not be found.
Exception Attributes: array (
  'class' => 'PostController',
  'plugin' => NULL,
)
Request URL: /post/views/3
Stack Trace:
#0 /var/www/cakephp/app/webroot/index.php(117): Dispatcher->dispatch(Object(CakeRequest), Object(CakeResponse))
#1 {main}
2018-08-27 04:38:06 Error: [MissingControllerException] Controller class PostsController could not be found.
Exception Attributes: array (
  'class' => 'PostsController',
  'plugin' => NULL,
)
Request URL: /posts/views/3
Stack Trace:
#0 /var/www/cakephp/app/webroot/index.php(117): Dispatcher->dispatch(Object(CakeRequest), Object(CakeResponse))
#1 {main}
2018-08-27 04:39:22 Error: [MissingControllerException] Controller class PostsController could not be found.
Exception Attributes: array (
  'class' => 'PostsController',
  'plugin' => NULL,
)
Request URL: /posts/views/3
Stack Trace:
#0 /var/www/cakephp/app/webroot/index.php(117): Dispatcher->dispatch(Object(CakeRequest), Object(CakeResponse))
#1 {main}
2018-08-27 04:39:28 Error: [MissingControllerException] Controller class PostsController could not be found.
Exception Attributes: array (
  'class' => 'PostsController',
  'plugin' => NULL,
)
Request URL: /posts/views/1
Stack Trace:
#0 /var/www/cakephp/app/webroot/index.php(117): Dispatcher->dispatch(Object(CakeRequest), Object(CakeResponse))
#1 {main}
2018-08-27 04:39:32 Error: [MissingControllerException] Controller class PostsController could not be found.
Exception Attributes: array (
  'class' => 'PostsController',
  'plugin' => NULL,
)
Request URL: /posts/views/
Stack Trace:
#0 /var/www/cakephp/app/webroot/index.php(117): Dispatcher->dispatch(Object(CakeRequest), Object(CakeResponse))
#1 {main}
2018-08-27 04:39:38 Error: [MissingControllerException] Controller class PostsController could not be found.
Exception Attributes: array (
  'class' => 'PostsController',
  'plugin' => NULL,
)
Request URL: /posts/
Stack Trace:
#0 /var/www/cakephp/app/webroot/index.php(117): Dispatcher->dispatch(Object(CakeRequest), Object(CakeResponse))
#1 {main}
2018-08-27 04:41:47 Error: [MissingControllerException] Controller class PostsController could not be found.
Exception Attributes: array (
  'class' => 'PostsController',
  'plugin' => NULL,
)
Request URL: /posts/
Stack Trace:
#0 /var/www/cakephp/app/webroot/index.php(117): Dispatcher->dispatch(Object(CakeRequest), Object(CakeResponse))
#1 {main}
2018-08-27 04:43:04 Error: [MissingControllerException] Controller class PostsController could not be found.
Exception Attributes: array (
  'class' => 'PostsController',
  'plugin' => NULL,
)
Request URL: /posts/view/1
Stack Trace:
#0 /var/www/cakephp/app/webroot/index.php(117): Dispatcher->dispatch(Object(CakeRequest), Object(CakeResponse))
#1 {main}
2018-08-27 04:45:44 Error: [MissingControllerException] Controller class PostsController could not be found.
Exception Attributes: array (
  'class' => 'PostsController',
  'plugin' => NULL,
)
Request URL: /posts/view/1
Stack Trace:
#0 /var/www/cakephp/app/webroot/index.php(117): Dispatcher->dispatch(Object(CakeRequest), Object(CakeResponse))
#1 {main}
2018-08-27 04:45:52 Error: [MissingControllerException] Controller class PostsController could not be found.
Exception Attributes: array (
  'class' => 'PostsController',
  'plugin' => NULL,
)
Request URL: /posts
Stack Trace:
#0 /var/www/cakephp/app/webroot/index.php(117): Dispatcher->dispatch(Object(CakeRequest), Object(CakeResponse))
#1 {main}
2018-08-27 04:46:29 Error: [MissingControllerException] Controller class PostsController could not be found.
Exception Attributes: array (
  'class' => 'PostsController',
  'plugin' => NULL,
)
Request URL: /posts/view/1
Stack Trace:
#0 /var/www/cakephp/app/webroot/index.php(117): Dispatcher->dispatch(Object(CakeRequest), Object(CakeResponse))
#1 {main}
2018-08-27 04:48:56 Error: [MissingControllerException] Controller class PostsController could not be found.
Exception Attributes: array (
  'class' => 'PostsController',
  'plugin' => NULL,
)
Request URL: /posts/view/1
Stack Trace:
#0 /var/www/cakephp/app/webroot/index.php(117): Dispatcher->dispatch(Object(CakeRequest), Object(CakeResponse))
#1 {main}
2018-08-27 04:49:01 Error: [MissingControllerException] Controller class PostsController could not be found.
Exception Attributes: array (
  'class' => 'PostsController',
  'plugin' => NULL,
)
Request URL: /posts/view/add
Stack Trace:
#0 /var/www/cakephp/app/webroot/index.php(117): Dispatcher->dispatch(Object(CakeRequest), Object(CakeResponse))
#1 {main}
2018-08-27 04:49:12 Error: [MissingControllerException] Controller class PostsController could not be found.
Exception Attributes: array (
  'class' => 'PostsController',
  'plugin' => NULL,
)
Request URL: /posts/view/
Stack Trace:
#0 /var/www/cakephp/app/webroot/index.php(117): Dispatcher->dispatch(Object(CakeRequest), Object(CakeResponse))
#1 {main}
2018-08-27 05:05:28 Error: [MissingControllerException] Controller class ViewController could not be found.
Exception Attributes: array (
  'class' => 'ViewController',
  'plugin' => NULL,
)
Request URL: /view/
Stack Trace:
#0 /var/www/cakephp/app/webroot/index.php(117): Dispatcher->dispatch(Object(CakeRequest), Object(CakeResponse))
#1 {main}
2018-08-27 05:05:37 Error: [MissingControllerException] Controller class PostsController could not be found.
Exception Attributes: array (
  'class' => 'PostsController',
  'plugin' => NULL,
)
Request URL: /posts/
Stack Trace:
#0 /var/www/cakephp/app/webroot/index.php(117): Dispatcher->dispatch(Object(CakeRequest), Object(CakeResponse))
#1 {main}
2018-08-27 05:29:15 Error: [MissingControllerException] Controller class IndexController could not be found.
Exception Attributes: array (
  'class' => 'IndexController',
  'plugin' => NULL,
)
Request URL: /index
Stack Trace:
#0 /var/www/cakephp/app/webroot/index.php(117): Dispatcher->dispatch(Object(CakeRequest), Object(CakeResponse))
#1 {main}
2018-08-27 05:58:29 Error: [NotFoundException] Invalid post
Request URL: /posts/view/1
Stack Trace:
#0 [internal function]: PostsController->view('1')
#1 /var/www/cakephp/lib/Cake/Controller/Controller.php(491): ReflectionMethod->invokeArgs(Object(PostsController), Array)
#2 /var/www/cakephp/lib/Cake/Routing/Dispatcher.php(193): Controller->invokeAction(Object(CakeRequest))
#3 /var/www/cakephp/lib/Cake/Routing/Dispatcher.php(167): Dispatcher->_invoke(Object(PostsController), Object(CakeRequest))
#4 /var/www/cakephp/app/webroot/index.php(117): Dispatcher->dispatch(Object(CakeRequest), Object(CakeResponse))
#5 {main}
